<?xml version="1.0" encoding="UTF-8"?>
<!-- Generated by org.testng.reporters.JUnitReportReporter -->
<testsuite hostname="DESKTOP-KKIAIRI" name="com.domoyun.testCase.MainStart" tests="40" failures="0" timestamp="30 Apr 2019 04:28:57 GMT" time="5.745" errors="1">
  <testcase name="getCountry" time="0.083" classname="com.domoyun.testCase.MainStart"/>
  <testcase name="getCountry" time="1.854" classname="com.domoyun.testCase.MainStart"/>
  <testcase name="getCountry" time="0.058" classname="com.domoyun.testCase.MainStart"/>
  <testcase name="getCountry" time="0.050" classname="com.domoyun.testCase.MainStart"/>
  <testcase name="getCountry" time="0.063" classname="com.domoyun.testCase.MainStart"/>
  <testcase name="getCountry" time="0.560" classname="com.domoyun.testCase.MainStart"/>
  <testcase name="getCountry" time="0.071" classname="com.domoyun.testCase.MainStart"/>
  <testcase name="getCountry" time="0.066" classname="com.domoyun.testCase.MainStart"/>
  <testcase name="getCountry" time="0.067" classname="com.domoyun.testCase.MainStart"/>
  <testcase name="getCountry" time="0.057" classname="com.domoyun.testCase.MainStart"/>
  <testcase name="getCountry" time="0.098" classname="com.domoyun.testCase.MainStart"/>
  <testcase name="getCountry" time="0.063" classname="com.domoyun.testCase.MainStart"/>
  <testcase name="getCountry" time="0.072" classname="com.domoyun.testCase.MainStart"/>
  <testcase name="getCountry" time="0.074" classname="com.domoyun.testCase.MainStart"/>
  <testcase name="getCountry" time="0.075" classname="com.domoyun.testCase.MainStart"/>
  <testcase name="getCountry" time="0.082" classname="com.domoyun.testCase.MainStart"/>
  <testcase name="getCountry" time="0.064" classname="com.domoyun.testCase.MainStart"/>
  <testcase name="getCountry" time="0.066" classname="com.domoyun.testCase.MainStart"/>
  <testcase name="getCountry" time="0.081" classname="com.domoyun.testCase.MainStart"/>
  <testcase name="getCountry" time="0.096" classname="com.domoyun.testCase.MainStart"/>
  <testcase name="getCountry" time="0.077" classname="com.domoyun.testCase.MainStart"/>
  <testcase name="getCountry" time="0.064" classname="com.domoyun.testCase.MainStart"/>
  <testcase name="getCountry" time="0.070" classname="com.domoyun.testCase.MainStart"/>
  <testcase name="getCountry" time="0.063" classname="com.domoyun.testCase.MainStart"/>
  <testcase name="getCountry" time="0.068" classname="com.domoyun.testCase.MainStart"/>
  <testcase name="getCountry" time="0.055" classname="com.domoyun.testCase.MainStart"/>
  <testcase name="getCountry" time="0.108" classname="com.domoyun.testCase.MainStart"/>
  <testcase name="getCountry" time="0.081" classname="com.domoyun.testCase.MainStart"/>
  <testcase name="getCountry" time="0.131" classname="com.domoyun.testCase.MainStart"/>
  <testcase name="getCountry" time="0.071" classname="com.domoyun.testCase.MainStart"/>
  <testcase name="getCountry" time="0.078" classname="com.domoyun.testCase.MainStart"/>
  <testcase name="getCountry" time="0.705" classname="com.domoyun.testCase.MainStart"/>
  <testcase name="getCountry" time="0.077" classname="com.domoyun.testCase.MainStart"/>
  <testcase name="getCountry" time="0.060" classname="com.domoyun.testCase.MainStart"/>
  <testcase name="getCountry" time="0.066" classname="com.domoyun.testCase.MainStart"/>
  <testcase name="getCountry" time="0.061" classname="com.domoyun.testCase.MainStart"/>
  <testcase name="getCountry" time="0.059" classname="com.domoyun.testCase.MainStart"/>
  <testcase name="getCountry" time="0.066" classname="com.domoyun.testCase.MainStart"/>
  <testcase name="getCountry" time="0.068" classname="com.domoyun.testCase.MainStart"/>
  <testcase name="getCountry" time="0.017" classname="com.domoyun.testCase.MainStart">
    <error type="java.lang.AssertionError" message="expected [true] but found [false]">
      <![CDATA[java.lang.AssertionError: expected [true] but found [false]
	at org.testng.Assert.fail(Assert.java:94)
	at org.testng.Assert.failNotEquals(Assert.java:494)
	at org.testng.Assert.assertTrue(Assert.java:42)
	at org.testng.Assert.assertTrue(Assert.java:52)
	at com.domoyun.testCase.MainStart.getCountry(MainStart.java:59)
	at sun.reflect.GeneratedMethodAccessor19.invoke(Unknown Source)
	at sun.reflect.DelegatingMethodAccessorImpl.invoke(Unknown Source)
	at java.lang.reflect.Method.invoke(Unknown Source)
	at org.testng.internal.MethodInvocationHelper.invokeMethod(MethodInvocationHelper.java:84)
	at org.testng.internal.Invoker.invokeMethod(Invoker.java:714)
	at org.testng.internal.Invoker.invokeTestMethod(Invoker.java:901)
	at org.testng.internal.Invoker.invokeTestMethods(Invoker.java:1231)
	at org.testng.internal.TestMethodWorker.invokeTestMethods(TestMethodWorker.java:127)
	at org.testng.internal.TestMethodWorker.run(TestMethodWorker.java:111)
	at org.testng.TestRunner.privateRun(TestRunner.java:767)
	at org.testng.TestRunner.run(TestRunner.java:617)
	at org.testng.SuiteRunner.runTest(SuiteRunner.java:348)
	at org.testng.SuiteRunner.runSequentially(SuiteRunner.java:343)
	at org.testng.SuiteRunner.privateRun(SuiteRunner.java:305)
	at org.testng.SuiteRunner.run(SuiteRunner.java:254)
	at org.testng.SuiteRunnerWorker.runSuite(SuiteRunnerWorker.java:52)
	at org.testng.SuiteRunnerWorker.run(SuiteRunnerWorker.java:86)
	at org.testng.TestNG.runSuitesSequentially(TestNG.java:1224)
	at org.testng.TestNG.runSuitesLocally(TestNG.java:1149)
	at org.testng.TestNG.run(TestNG.java:1057)
	at org.testng.remote.RemoteTestNG.run(RemoteTestNG.java:111)
	at org.testng.remote.RemoteTestNG.initAndRun(RemoteTestNG.java:204)
	at org.testng.remote.RemoteTestNG.main(RemoteTestNG.java:175)
]]>
    </error>
  </testcase> <!-- getCountry -->
</testsuite> <!-- com.domoyun.testCase.MainStart -->
