<?xml version="1.0" encoding="UTF-8"?>
<!-- Generated by org.testng.reporters.JUnitReportReporter -->
<testsuite hostname="DESKTOP-KKIAIRI" name="com.domoyun.testCase.MainStart" tests="40" failures="0" timestamp="30 Apr 2019 07:58:55 GMT" time="11.375" errors="1">
  <testcase name="getCountry" time="0.050" classname="com.domoyun.testCase.MainStart"/>
  <testcase name="getCountry" time="0.038" classname="com.domoyun.testCase.MainStart"/>
  <testcase name="getCountry" time="2.792" classname="com.domoyun.testCase.MainStart"/>
  <testcase name="getCountry" time="0.045" classname="com.domoyun.testCase.MainStart"/>
  <testcase name="getCountry" time="0.072" classname="com.domoyun.testCase.MainStart"/>
  <testcase name="getCountry" time="0.042" classname="com.domoyun.testCase.MainStart"/>
  <testcase name="getCountry" time="4.677" classname="com.domoyun.testCase.MainStart"/>
  <testcase name="getCountry" time="0.081" classname="com.domoyun.testCase.MainStart"/>
  <testcase name="getCountry" time="0.062" classname="com.domoyun.testCase.MainStart"/>
  <testcase name="getCountry" time="0.125" classname="com.domoyun.testCase.MainStart"/>
  <testcase name="getCountry" time="0.046" classname="com.domoyun.testCase.MainStart"/>
  <testcase name="getCountry" time="0.214" classname="com.domoyun.testCase.MainStart"/>
  <testcase name="getCountry" time="0.035" classname="com.domoyun.testCase.MainStart">
    <error type="java.lang.AssertionError" message="expected [true] but found [false]">
      <![CDATA[java.lang.AssertionError: expected [true] but found [false]
	at org.testng.Assert.fail(Assert.java:94)
	at org.testng.Assert.failNotEquals(Assert.java:494)
	at org.testng.Assert.assertTrue(Assert.java:42)
	at org.testng.Assert.assertTrue(Assert.java:52)
	at com.domoyun.testCase.MainStart.getCountry(MainStart.java:70)
	at sun.reflect.GeneratedMethodAccessor19.invoke(Unknown Source)
	at sun.reflect.DelegatingMethodAccessorImpl.invoke(Unknown Source)
	at java.lang.reflect.Method.invoke(Unknown Source)
	at org.testng.internal.MethodInvocationHelper.invokeMethod(MethodInvocationHelper.java:84)
	at org.testng.internal.Invoker.invokeMethod(Invoker.java:714)
	at org.testng.internal.Invoker.invokeTestMethod(Invoker.java:901)
	at org.testng.internal.Invoker.invokeTestMethods(Invoker.java:1231)
	at org.testng.internal.TestMethodWorker.invokeTestMethods(TestMethodWorker.java:127)
	at org.testng.internal.TestMethodWorker.run(TestMethodWorker.java:111)
	at org.testng.TestRunner.privateRun(TestRunner.java:767)
	at org.testng.TestRunner.run(TestRunner.java:617)
	at org.testng.SuiteRunner.runTest(SuiteRunner.java:348)
	at org.testng.SuiteRunner.runSequentially(SuiteRunner.java:343)
	at org.testng.SuiteRunner.privateRun(SuiteRunner.java:305)
	at org.testng.SuiteRunner.run(SuiteRunner.java:254)
	at org.testng.SuiteRunnerWorker.runSuite(SuiteRunnerWorker.java:52)
	at org.testng.SuiteRunnerWorker.run(SuiteRunnerWorker.java:86)
	at org.testng.TestNG.runSuitesSequentially(TestNG.java:1224)
	at org.testng.TestNG.runSuitesLocally(TestNG.java:1149)
	at org.testng.TestNG.run(TestNG.java:1057)
	at org.testng.remote.RemoteTestNG.run(RemoteTestNG.java:111)
	at org.testng.remote.RemoteTestNG.initAndRun(RemoteTestNG.java:204)
	at org.testng.remote.RemoteTestNG.main(RemoteTestNG.java:175)
]]>
    </error>
  </testcase> <!-- getCountry -->
  <testcase name="getCountry" time="0.067" classname="com.domoyun.testCase.MainStart"/>
  <testcase name="getCountry" time="0.100" classname="com.domoyun.testCase.MainStart"/>
  <testcase name="getCountry" time="0.069" classname="com.domoyun.testCase.MainStart"/>
  <testcase name="getCountry" time="0.048" classname="com.domoyun.testCase.MainStart"/>
  <testcase name="getCountry" time="0.099" classname="com.domoyun.testCase.MainStart"/>
  <testcase name="getCountry" time="0.065" classname="com.domoyun.testCase.MainStart"/>
  <testcase name="getCountry" time="0.057" classname="com.domoyun.testCase.MainStart"/>
  <testcase name="getCountry" time="0.057" classname="com.domoyun.testCase.MainStart"/>
  <testcase name="getCountry" time="0.056" classname="com.domoyun.testCase.MainStart"/>
  <testcase name="getCountry" time="0.070" classname="com.domoyun.testCase.MainStart"/>
  <testcase name="getCountry" time="0.069" classname="com.domoyun.testCase.MainStart"/>
  <testcase name="getCountry" time="0.783" classname="com.domoyun.testCase.MainStart"/>
  <testcase name="getCountry" time="0.041" classname="com.domoyun.testCase.MainStart"/>
  <testcase name="getCountry" time="0.047" classname="com.domoyun.testCase.MainStart"/>
  <testcase name="getCountry" time="0.068" classname="com.domoyun.testCase.MainStart"/>
  <testcase name="getCountry" time="0.114" classname="com.domoyun.testCase.MainStart"/>
  <testcase name="getCountry" time="0.168" classname="com.domoyun.testCase.MainStart"/>
  <testcase name="getCountry" time="0.044" classname="com.domoyun.testCase.MainStart"/>
  <testcase name="getCountry" time="0.041" classname="com.domoyun.testCase.MainStart"/>
  <testcase name="getCountry" time="0.084" classname="com.domoyun.testCase.MainStart"/>
  <testcase name="getCountry" time="0.050" classname="com.domoyun.testCase.MainStart"/>
  <testcase name="getCountry" time="0.086" classname="com.domoyun.testCase.MainStart"/>
  <testcase name="getCountry" time="0.302" classname="com.domoyun.testCase.MainStart"/>
  <testcase name="getCountry" time="0.054" classname="com.domoyun.testCase.MainStart"/>
  <testcase name="getCountry" time="0.348" classname="com.domoyun.testCase.MainStart"/>
  <testcase name="getCountry" time="0.052" classname="com.domoyun.testCase.MainStart"/>
  <testcase name="getCountry" time="0.057" classname="com.domoyun.testCase.MainStart"/>
</testsuite> <!-- com.domoyun.testCase.MainStart -->
